[debug] [2022-12-26T21:51:19.256Z] ----------------------------------------------------------------------
[debug] [2022-12-26T21:51:19.258Z] Command:       C:\Program Files\nodejs\node.exe C:\Users\Dell\AppData\Roaming\npm\node_modules\firebase-tools\lib\bin\firebase.js init
[debug] [2022-12-26T21:51:19.258Z] CLI Version:   9.1.0
[debug] [2022-12-26T21:51:19.258Z] Platform:      win32
[debug] [2022-12-26T21:51:19.258Z] Node Version:  v18.4.0
[debug] [2022-12-26T21:51:19.259Z] Time:          Mon Dec 26 2022 23:51:19 GMT+0200 (توقيت شرق أوروبا الرسمي)
[debug] [2022-12-26T21:51:19.260Z] ----------------------------------------------------------------------
[debug] [2022-12-26T21:51:19.260Z] 
[debug] [2022-12-26T21:51:19.262Z] >>> [apiv2][query] GET https://firebase-public.firebaseio.com/cli.json [none]
[debug] [2022-12-26T21:51:19.346Z] > command requires scopes: ["email","openid","https://www.googleapis.com/auth/cloudplatformprojects.readonly","https://www.googleapis.com/auth/firebase","https://www.googleapis.com/auth/cloud-platform"]
[debug] [2022-12-26T21:51:19.346Z] > authorizing via signed-in user
[info] 
     ######## #### ########  ######## ########     ###     ######  ########
     ##        ##  ##     ## ##       ##     ##  ##   ##  ##       ##
     ######    ##  ########  ######   ########  #########  ######  ######
     ##        ##  ##    ##  ##       ##     ## ##     ##       ## ##
     ##       #### ##     ## ######## ########  ##     ##  ######  ########

You're about to initialize a Firebase project in this directory:

  F:\Movie-Night

[debug] [2022-12-26T21:51:19.876Z] <<< [apiv2][status] GET https://firebase-public.firebaseio.com/cli.json 200
[debug] [2022-12-26T21:51:19.876Z] <<< [apiv2][body] GET https://firebase-public.firebaseio.com/cli.json {"cloudBuildErrorAfter":1594252800000,"cloudBuildWarnAfter":1590019200000,"defaultNode10After":1594252800000,"minVersion":"3.0.5","node8DeploysDisabledAfter":1613390400000,"node8RuntimeDisabledAfter":1615809600000,"node8WarnAfter":1600128000000}
